[  2077.372] 
X.Org X Server 1.21.1.15
X Protocol Version 11, Revision 0
[  2077.375] Current Operating System: Linux arch 6.12.10-arch1-1 #1 SMP PREEMPT_DYNAMIC Sat, 18 Jan 2025 02:26:57 +0000 x86_64
[  2077.375] Kernel command line: BOOT_IMAGE=/vmlinuz-linux root=UUID=7cd32e77-43ba-4e00-87fe-46366f73186e rw loglevel=3 quiet
[  2077.377]  
[  2077.378] Current version of pixman: 0.44.2
[  2077.380] 	Before reporting problems, check http://wiki.x.org
	to make sure that you have the latest version.
[  2077.380] Markers: (--) probed, (**) from config file, (==) default setting,
	(++) from command line, (!!) notice, (II) informational,
	(WW) warning, (EE) error, (NI) not implemented, (??) unknown.
[  2077.382] (==) Log file: "/home/merami/.local/share/xorg/Xorg.0.log", Time: Fri Feb  7 09:59:32 2025
[  2077.383] (==) Using system config directory "/usr/share/X11/xorg.conf.d"
[  2077.383] (==) No Layout section.  Using the first Screen section.
[  2077.383] (==) No screen section available. Using defaults.
[  2077.383] (**) |-->Screen "Default Screen Section" (0)
[  2077.383] (**) |   |-->Monitor "<default monitor>"
[  2077.383] (==) No monitor specified for screen "Default Screen Section".
	Using a default monitor configuration.
[  2077.383] (**) Allowing byte-swapped clients
[  2077.383] (==) Automatically adding devices
[  2077.383] (==) Automatically enabling devices
[  2077.383] (==) Automatically adding GPU devices
[  2077.383] (==) Automatically binding GPU devices
[  2077.383] (==) Max clients allowed: 256, resource mask: 0x1fffff
[  2077.383] (WW) The directory "/usr/share/fonts/misc" does not exist.
[  2077.383] 	Entry deleted from font path.
[  2077.383] (WW) The directory "/usr/share/fonts/OTF" does not exist.
[  2077.383] 	Entry deleted from font path.
[  2077.383] (WW) The directory "/usr/share/fonts/Type1" does not exist.
[  2077.383] 	Entry deleted from font path.
[  2077.383] (==) FontPath set to:
	/usr/share/fonts/TTF,
	/usr/share/fonts/100dpi,
	/usr/share/fonts/75dpi
[  2077.383] (==) ModulePath set to "/usr/lib/xorg/modules"
[  2077.383] (II) The server relies on udev to provide the list of input devices.
	If no devices become available, reconfigure udev or disable AutoAddDevices.
[  2077.383] (II) Module ABI versions:
[  2077.383] 	X.Org ANSI C Emulation: 0.4
[  2077.383] 	X.Org Video Driver: 25.2
[  2077.383] 	X.Org XInput driver : 24.4
[  2077.383] 	X.Org Server Extension : 10.0
[  2077.383] (++) using VT number 1

[  2077.384] (II) systemd-logind: took control of session /org/freedesktop/login1/session/_31
[  2077.384] (II) xfree86: Adding drm device (/dev/dri/card1)
[  2077.384] (II) Platform probe for /sys/devices/pci0000:00/0000:00:02.0/drm/card1
[  2077.384] (II) systemd-logind: got fd for /dev/dri/card1 226:1 fd 13 paused 0
[  2077.385] (--) PCI:*(0@0:2:0) 8086:9a78:17aa:3f9c rev 1, Mem @ 0x6002000000/16777216, 0x4000000000/268435456, I/O @ 0x00004000/64, BIOS @ 0x????????/131072
[  2077.385] (WW) Open ACPI failed (/var/run/acpid.socket) (No such file or directory)
[  2077.385] (II) LoadModule: "glx"
[  2077.385] (II) Loading /usr/lib/xorg/modules/extensions/libglx.so
[  2077.386] (II) Module glx: vendor="X.Org Foundation"
[  2077.386] 	compiled for 1.21.1.15, module version = 1.0.0
[  2077.386] 	ABI class: X.Org Server Extension, version 10.0
[  2077.386] (==) Matched intel as autoconfigured driver 0
[  2077.386] (==) Matched modesetting as autoconfigured driver 1
[  2077.386] (==) Matched fbdev as autoconfigured driver 2
[  2077.386] (==) Matched vesa as autoconfigured driver 3
[  2077.386] (==) Assigned the driver to the xf86ConfigLayout
[  2077.386] (II) LoadModule: "intel"
[  2077.386] (II) Loading /usr/lib/xorg/modules/drivers/intel_drv.so
[  2077.386] (II) Module intel: vendor="X.Org Foundation"
[  2077.386] 	compiled for 1.21.1.11, module version = 2.99.917
[  2077.386] 	Module class: X.Org Video Driver
[  2077.386] 	ABI class: X.Org Video Driver, version 25.2
[  2077.386] (II) LoadModule: "modesetting"
[  2077.386] (II) Loading /usr/lib/xorg/modules/drivers/modesetting_drv.so
[  2077.386] (II) Module modesetting: vendor="X.Org Foundation"
[  2077.386] 	compiled for 1.21.1.15, module version = 1.21.1
[  2077.386] 	Module class: X.Org Video Driver
[  2077.386] 	ABI class: X.Org Video Driver, version 25.2
[  2077.386] (II) LoadModule: "fbdev"
[  2077.386] (WW) Warning, couldn't open module fbdev
[  2077.386] (EE) Failed to load module "fbdev" (module does not exist, 0)
[  2077.386] (II) LoadModule: "vesa"
[  2077.387] (II) Loading /usr/lib/xorg/modules/drivers/vesa_drv.so
[  2077.387] (II) Module vesa: vendor="X.Org Foundation"
[  2077.387] 	compiled for 1.21.1.11, module version = 2.6.0
[  2077.387] 	Module class: X.Org Video Driver
[  2077.387] 	ABI class: X.Org Video Driver, version 25.2
[  2077.387] (II) intel: Driver for Intel(R) Integrated Graphics Chipsets:
	i810, i810-dc100, i810e, i815, i830M, 845G, 854, 852GM/855GM, 865G,
	915G, E7221 (i915), 915GM, 945G, 945GM, 945GME, Pineview GM,
	Pineview G, 965G, G35, 965Q, 946GZ, 965GM, 965GME/GLE, G33, Q35, Q33,
	GM45, 4 Series, G45/G43, Q45/Q43, G41, B43
[  2077.387] (II) intel: Driver for Intel(R) HD Graphics
[  2077.387] (II) intel: Driver for Intel(R) Iris(TM) Graphics
[  2077.387] (II) intel: Driver for Intel(R) Iris(TM) Pro Graphics
[  2077.387] (II) modesetting: Driver for Modesetting Kernel Drivers: kms
[  2077.387] (II) VESA: driver for VESA chipsets: vesa
[  2077.387] xf86EnableIO: failed to enable I/O ports 0000-03ff (Operation not permitted)
[  2077.387] (II) intel(0): Using Kernel Mode Setting driver: i915, version 1.6.0 0
[  2077.387] (II) intel(0): SNA compiled from 2.99.917-923-gb74b67f0
[  2077.387] (WW) Falling back to old probe method for modesetting
[  2077.387] (EE) open /dev/dri/card0: No such file or directory
[  2077.387] (WW) VGA arbiter: cannot open kernel arbiter, no multi-card support
[  2077.387] (--) intel(0): Integrated Graphics Chipset: Intel(R) HD Graphics
[  2077.387] (--) intel(0): CPU: x86-64, sse2, sse3, ssse3, sse4.1, sse4.2, avx, avx2; using a maximum of 2 threads
[  2077.387] (II) intel(0): Creating default Display subsection in Screen section
	"Default Screen Section" for depth/fbbpp 24/32
[  2077.387] (==) intel(0): Depth 24, (--) framebuffer bpp 32
[  2077.387] (==) intel(0): RGB weight 888
[  2077.387] (==) intel(0): Default visual is TrueColor
[  2077.387] (II) intel(0): Output eDP1 has no monitor section
[  2077.388] (**) intel(0): Found backlight control interface intel_backlight (type 'raw') for output eDP1
[  2077.388] (II) intel(0): Enabled output eDP1
[  2077.388] (II) intel(0): Output HDMI1 has no monitor section
[  2077.388] (II) intel(0): Enabled output HDMI1
[  2077.388] (--) intel(0): Using a maximum size of 256x256 for hardware cursors
[  2077.388] (II) intel(0): Output VIRTUAL1 has no monitor section
[  2077.388] (II) intel(0): Enabled output VIRTUAL1
[  2077.388] (--) intel(0): Output eDP1 using initial mode 1366x768 on pipe 0
[  2077.388] (==) intel(0): TearFree enabled
[  2077.388] (==) intel(0): Using gamma correction (1.0, 1.0, 1.0)
[  2077.388] (==) intel(0): DPI set to (96, 96)
[  2077.388] (II) Loading sub module "dri3"
[  2077.388] (II) LoadModule: "dri3"
[  2077.388] (II) Module "dri3" already built-in
[  2077.388] (II) Loading sub module "dri2"
[  2077.388] (II) LoadModule: "dri2"
[  2077.388] (II) Module "dri2" already built-in
[  2077.388] (II) Loading sub module "present"
[  2077.388] (II) LoadModule: "present"
[  2077.388] (II) Module "present" already built-in
[  2077.388] (II) UnloadModule: "modesetting"
[  2077.388] (II) Unloading modesetting
[  2077.388] (II) UnloadModule: "vesa"
[  2077.388] (II) Unloading vesa
[  2077.388] (II) intel(0): SNA initialized with generic backend
[  2077.388] (==) intel(0): Backing store enabled
[  2077.388] (==) intel(0): Silken mouse enabled
[  2077.388] (II) intel(0): HW Cursor enabled
[  2077.388] (==) intel(0): DPMS enabled
[  2077.388] (==) intel(0): Display hotplug detection enabled
[  2077.388] (II) intel(0): Textured video not supported on this hardware or backend
[  2077.388] (II) intel(0): [DRI2] Setup complete
[  2077.388] (II) intel(0): [DRI2]   DRI driver: i965
[  2077.388] (II) intel(0): [DRI2]   VDPAU driver: va_gl
[  2077.388] (II) intel(0): direct rendering: DRI2 DRI3 enabled
[  2077.388] (II) intel(0): hardware support for Present enabled
[  2077.388] (II) Initializing extension Generic Event Extension
[  2077.388] (II) Initializing extension SHAPE
[  2077.388] (II) Initializing extension MIT-SHM
[  2077.388] (II) Initializing extension XInputExtension
[  2077.389] (II) Initializing extension XTEST
[  2077.389] (II) Initializing extension BIG-REQUESTS
[  2077.389] (II) Initializing extension SYNC
[  2077.389] (II) Initializing extension XKEYBOARD
[  2077.389] (II) Initializing extension XC-MISC
[  2077.389] (II) Initializing extension SECURITY
[  2077.389] (II) Initializing extension XFIXES
[  2077.389] (II) Initializing extension RENDER
[  2077.389] (II) Initializing extension RANDR
[  2077.389] (II) Initializing extension COMPOSITE
[  2077.389] (II) Initializing extension DAMAGE
[  2077.389] (II) Initializing extension MIT-SCREEN-SAVER
[  2077.389] (II) Initializing extension DOUBLE-BUFFER
[  2077.389] (II) Initializing extension RECORD
[  2077.389] (II) Initializing extension DPMS
[  2077.389] (II) Initializing extension Present
[  2077.389] (II) Initializing extension DRI3
[  2077.389] (II) Initializing extension X-Resource
[  2077.390] (II) Initializing extension XVideo
[  2077.390] (II) Initializing extension XVideo-MotionCompensation
[  2077.390] (II) Initializing extension GLX
[  2077.390] (EE) AIGLX error: dlopen of /usr/lib/dri/i965_dri.so failed (/usr/lib/dri/i965_dri.so: cannot open shared object file: No such file or directory)
[  2077.390] (EE) AIGLX error: unable to load driver i965
[  2077.408] (II) IGLX: Loaded and initialized swrast
[  2077.408] (II) GLX: Initialized DRISWRAST GL provider for screen 0
[  2077.408] (II) Initializing extension XFree86-VidModeExtension
[  2077.408] (II) Initializing extension XFree86-DGA
[  2077.408] (II) Initializing extension XFree86-DRI
[  2077.408] (II) Initializing extension DRI2
[  2077.409] (II) intel(0): switch to mode 1366x768@60.0 on eDP1 using pipe 0, position (0, 0), rotation normal, reflection none
[  2077.415] (II) intel(0): Setting screen physical size to 361 x 203
[  2077.451] (II) config/udev: Adding input device Video Bus (/dev/input/event8)
[  2077.451] (**) Video Bus: Applying InputClass "libinput keyboard catchall"
[  2077.451] (II) LoadModule: "libinput"
[  2077.451] (II) Loading /usr/lib/xorg/modules/input/libinput_drv.so
[  2077.452] (II) Module libinput: vendor="X.Org Foundation"
[  2077.452] 	compiled for 1.21.1.13, module version = 1.5.0
[  2077.452] 	Module class: X.Org XInput Driver
[  2077.452] 	ABI class: X.Org XInput driver, version 24.4
[  2077.452] (II) Using input driver 'libinput' for 'Video Bus'
[  2077.452] (II) systemd-logind: got fd for /dev/input/event8 13:72 fd 23 paused 0
[  2077.452] (**) Video Bus: always reports core events
[  2077.452] (**) Option "Device" "/dev/input/event8"
[  2077.453] (II) event8  - Video Bus: is tagged by udev as: Keyboard
[  2077.453] (II) event8  - Video Bus: device is a keyboard
[  2077.453] (II) event8  - Video Bus: device removed
[  2077.453] (**) Option "config_info" "udev:/sys/devices/LNXSYSTM:00/LNXSYBUS:00/PNP0A08:00/LNXVIDEO:00/input/input8/event8"
[  2077.453] (II) XINPUT: Adding extended input device "Video Bus" (type: KEYBOARD, id 6)
[  2077.454] (II) event8  - Video Bus: is tagged by udev as: Keyboard
[  2077.454] (II) event8  - Video Bus: device is a keyboard
[  2077.454] (II) config/udev: Adding input device Power Button (/dev/input/event1)
[  2077.454] (**) Power Button: Applying InputClass "libinput keyboard catchall"
[  2077.454] (II) Using input driver 'libinput' for 'Power Button'
[  2077.454] (II) systemd-logind: got fd for /dev/input/event1 13:65 fd 26 paused 0
[  2077.454] (**) Power Button: always reports core events
[  2077.454] (**) Option "Device" "/dev/input/event1"
[  2077.455] (II) event1  - Power Button: is tagged by udev as: Keyboard
[  2077.455] (II) event1  - Power Button: device is a keyboard
[  2077.455] (II) event1  - Power Button: device removed
[  2077.455] (**) Option "config_info" "udev:/sys/devices/LNXSYSTM:00/LNXSYBUS:00/PNP0C0C:00/input/input1/event1"
[  2077.455] (II) XINPUT: Adding extended input device "Power Button" (type: KEYBOARD, id 7)
[  2077.455] (II) event1  - Power Button: is tagged by udev as: Keyboard
[  2077.455] (II) event1  - Power Button: device is a keyboard
[  2077.455] (II) config/udev: Adding input device Lid Switch (/dev/input/event0)
[  2077.455] (II) No input driver specified, ignoring this device.
[  2077.455] (II) This device may have been added with another device file.
[  2077.456] (II) config/udev: Adding input device USB OPTICAL MOUSE  (/dev/input/event2)
[  2077.456] (**) USB OPTICAL MOUSE : Applying InputClass "libinput pointer catchall"
[  2077.456] (II) Using input driver 'libinput' for 'USB OPTICAL MOUSE '
[  2077.510] (II) systemd-logind: got fd for /dev/input/event2 13:66 fd 27 paused 0
[  2077.510] (**) USB OPTICAL MOUSE : always reports core events
[  2077.510] (**) Option "Device" "/dev/input/event2"
[  2077.512] (II) event2  - USB OPTICAL MOUSE : is tagged by udev as: Mouse
[  2077.512] (II) event2  - USB OPTICAL MOUSE : device is a pointer
[  2077.512] (II) event2  - USB OPTICAL MOUSE : device removed
[  2077.512] (II) libinput: USB OPTICAL MOUSE : Step value 0 was provided, libinput Fallback acceleration function is used.
[  2077.512] (II) libinput: USB OPTICAL MOUSE : Step value 0 was provided, libinput Fallback acceleration function is used.
[  2077.512] (II) libinput: USB OPTICAL MOUSE : Step value 0 was provided, libinput Fallback acceleration function is used.
[  2077.512] (**) Option "config_info" "udev:/sys/devices/pci0000:00/0000:00:14.0/usb3/3-1/3-1:1.0/0003:30FA:0300.0001/input/input2/event2"
[  2077.512] (II) XINPUT: Adding extended input device "USB OPTICAL MOUSE " (type: MOUSE, id 8)
[  2077.513] (**) Option "AccelerationScheme" "none"
[  2077.513] (**) USB OPTICAL MOUSE : (accel) selected scheme none/0
[  2077.513] (**) USB OPTICAL MOUSE : (accel) acceleration factor: 2.000
[  2077.513] (**) USB OPTICAL MOUSE : (accel) acceleration threshold: 4
[  2077.514] (II) event2  - USB OPTICAL MOUSE : is tagged by udev as: Mouse
[  2077.515] (II) event2  - USB OPTICAL MOUSE : device is a pointer
[  2077.516] (II) config/udev: Adding input device USB OPTICAL MOUSE  (/dev/input/mouse0)
[  2077.516] (II) No input driver specified, ignoring this device.
[  2077.516] (II) This device may have been added with another device file.
[  2077.517] (II) config/udev: Adding input device SINO WEALTH Gaming KB  (/dev/input/event4)
[  2077.517] (**) SINO WEALTH Gaming KB : Applying InputClass "libinput keyboard catchall"
[  2077.517] (II) Using input driver 'libinput' for 'SINO WEALTH Gaming KB '
[  2077.518] (II) systemd-logind: got fd for /dev/input/event4 13:68 fd 28 paused 0
[  2077.518] (**) SINO WEALTH Gaming KB : always reports core events
[  2077.518] (**) Option "Device" "/dev/input/event4"
[  2077.520] (II) event4  - SINO WEALTH Gaming KB : is tagged by udev as: Keyboard
[  2077.520] (II) event4  - SINO WEALTH Gaming KB : device is a keyboard
[  2077.520] (II) event4  - SINO WEALTH Gaming KB : device removed
[  2077.520] (**) Option "config_info" "udev:/sys/devices/pci0000:00/0000:00:14.0/usb3/3-4/3-4:1.0/0003:258A:003A.0002/input/input4/event4"
[  2077.520] (II) XINPUT: Adding extended input device "SINO WEALTH Gaming KB " (type: KEYBOARD, id 9)
[  2077.522] (II) event4  - SINO WEALTH Gaming KB : is tagged by udev as: Keyboard
[  2077.522] (II) event4  - SINO WEALTH Gaming KB : device is a keyboard
[  2077.523] (II) config/udev: Adding input device SINO WEALTH Gaming KB  System Control (/dev/input/event5)
[  2077.523] (**) SINO WEALTH Gaming KB  System Control: Applying InputClass "libinput keyboard catchall"
[  2077.523] (II) Using input driver 'libinput' for 'SINO WEALTH Gaming KB  System Control'
[  2077.524] (II) systemd-logind: got fd for /dev/input/event5 13:69 fd 29 paused 0
[  2077.524] (**) SINO WEALTH Gaming KB  System Control: always reports core events
[  2077.524] (**) Option "Device" "/dev/input/event5"
[  2077.525] (II) event5  - SINO WEALTH Gaming KB  System Control: is tagged by udev as: Keyboard
[  2077.525] (II) event5  - SINO WEALTH Gaming KB  System Control: device is a keyboard
[  2077.526] (II) event5  - SINO WEALTH Gaming KB  System Control: device removed
[  2077.526] (**) Option "config_info" "udev:/sys/devices/pci0000:00/0000:00:14.0/usb3/3-4/3-4:1.1/0003:258A:003A.0003/input/input5/event5"
[  2077.526] (II) XINPUT: Adding extended input device "SINO WEALTH Gaming KB  System Control" (type: KEYBOARD, id 10)
[  2077.527] (II) event5  - SINO WEALTH Gaming KB  System Control: is tagged by udev as: Keyboard
[  2077.527] (II) event5  - SINO WEALTH Gaming KB  System Control: device is a keyboard
[  2077.528] (II) config/udev: Adding input device SINO WEALTH Gaming KB  Consumer Control (/dev/input/event6)
[  2077.528] (**) SINO WEALTH Gaming KB  Consumer Control: Applying InputClass "libinput keyboard catchall"
[  2077.528] (II) Using input driver 'libinput' for 'SINO WEALTH Gaming KB  Consumer Control'
[  2077.528] (II) systemd-logind: got fd for /dev/input/event6 13:70 fd 30 paused 0
[  2077.528] (**) SINO WEALTH Gaming KB  Consumer Control: always reports core events
[  2077.528] (**) Option "Device" "/dev/input/event6"
[  2077.530] (II) event6  - SINO WEALTH Gaming KB  Consumer Control: is tagged by udev as: Keyboard
[  2077.530] (II) event6  - SINO WEALTH Gaming KB  Consumer Control: device is a keyboard
[  2077.530] (II) event6  - SINO WEALTH Gaming KB  Consumer Control: device removed
[  2077.530] (II) libinput: SINO WEALTH Gaming KB  Consumer Control: needs a virtual subdevice
[  2077.530] (**) Option "config_info" "udev:/sys/devices/pci0000:00/0000:00:14.0/usb3/3-4/3-4:1.1/0003:258A:003A.0003/input/input6/event6"
[  2077.530] (II) XINPUT: Adding extended input device "SINO WEALTH Gaming KB  Consumer Control" (type: MOUSE, id 11)
[  2077.530] (**) Option "AccelerationScheme" "none"
[  2077.530] (**) SINO WEALTH Gaming KB  Consumer Control: (accel) selected scheme none/0
[  2077.530] (**) SINO WEALTH Gaming KB  Consumer Control: (accel) acceleration factor: 2.000
[  2077.530] (**) SINO WEALTH Gaming KB  Consumer Control: (accel) acceleration threshold: 4
[  2077.531] (II) event6  - SINO WEALTH Gaming KB  Consumer Control: is tagged by udev as: Keyboard
[  2077.531] (II) event6  - SINO WEALTH Gaming KB  Consumer Control: device is a keyboard
[  2077.531] (II) config/udev: Adding input device SINO WEALTH Gaming KB  Keyboard (/dev/input/event7)
[  2077.531] (**) SINO WEALTH Gaming KB  Keyboard: Applying InputClass "libinput keyboard catchall"
[  2077.531] (II) Using input driver 'libinput' for 'SINO WEALTH Gaming KB  Keyboard'
[  2077.532] (II) systemd-logind: got fd for /dev/input/event7 13:71 fd 31 paused 0
[  2077.532] (**) SINO WEALTH Gaming KB  Keyboard: always reports core events
[  2077.532] (**) Option "Device" "/dev/input/event7"
[  2077.533] (II) event7  - SINO WEALTH Gaming KB  Keyboard: is tagged by udev as: Keyboard
[  2077.533] (II) event7  - SINO WEALTH Gaming KB  Keyboard: device is a keyboard
[  2077.533] (II) event7  - SINO WEALTH Gaming KB  Keyboard: device removed
[  2077.533] (**) Option "config_info" "udev:/sys/devices/pci0000:00/0000:00:14.0/usb3/3-4/3-4:1.1/0003:258A:003A.0003/input/input7/event7"
[  2077.533] (II) XINPUT: Adding extended input device "SINO WEALTH Gaming KB  Keyboard" (type: KEYBOARD, id 12)
[  2077.533] (II) event7  - SINO WEALTH Gaming KB  Keyboard: is tagged by udev as: Keyboard
[  2077.534] (II) event7  - SINO WEALTH Gaming KB  Keyboard: device is a keyboard
[  2077.534] (II) config/udev: Adding input device MSFT0001:01 04F3:31B8 Mouse (/dev/input/event10)
[  2077.534] (**) MSFT0001:01 04F3:31B8 Mouse: Applying InputClass "libinput pointer catchall"
[  2077.534] (II) Using input driver 'libinput' for 'MSFT0001:01 04F3:31B8 Mouse'
[  2077.534] (II) systemd-logind: got fd for /dev/input/event10 13:74 fd 32 paused 0
[  2077.534] (**) MSFT0001:01 04F3:31B8 Mouse: always reports core events
[  2077.534] (**) Option "Device" "/dev/input/event10"
[  2077.535] (II) event10 - MSFT0001:01 04F3:31B8 Mouse: is tagged by udev as: Mouse Pointingstick
[  2077.535] (II) event10 - MSFT0001:01 04F3:31B8 Mouse: device is a pointer
[  2077.536] (II) event10 - MSFT0001:01 04F3:31B8 Mouse: device removed
[  2077.536] (II) libinput: MSFT0001:01 04F3:31B8 Mouse: Step value 0 was provided, libinput Fallback acceleration function is used.
[  2077.536] (II) libinput: MSFT0001:01 04F3:31B8 Mouse: Step value 0 was provided, libinput Fallback acceleration function is used.
[  2077.536] (II) libinput: MSFT0001:01 04F3:31B8 Mouse: Step value 0 was provided, libinput Fallback acceleration function is used.
[  2077.536] (**) Option "config_info" "udev:/sys/devices/pci0000:00/0000:00:15.1/i2c_designware.1/i2c-12/i2c-MSFT0001:01/0018:04F3:31B8.0004/input/input14/event10"
[  2077.536] (II) XINPUT: Adding extended input device "MSFT0001:01 04F3:31B8 Mouse" (type: MOUSE, id 13)
[  2077.536] (**) Option "AccelerationScheme" "none"
[  2077.536] (**) MSFT0001:01 04F3:31B8 Mouse: (accel) selected scheme none/0
[  2077.536] (**) MSFT0001:01 04F3:31B8 Mouse: (accel) acceleration factor: 2.000
[  2077.536] (**) MSFT0001:01 04F3:31B8 Mouse: (accel) acceleration threshold: 4
[  2077.536] (II) event10 - MSFT0001:01 04F3:31B8 Mouse: is tagged by udev as: Mouse Pointingstick
[  2077.536] (II) event10 - MSFT0001:01 04F3:31B8 Mouse: device is a pointer
[  2077.537] (II) config/udev: Adding input device MSFT0001:01 04F3:31B8 Mouse (/dev/input/mouse1)
[  2077.537] (II) No input driver specified, ignoring this device.
[  2077.537] (II) This device may have been added with another device file.
[  2077.537] (II) config/udev: Adding input device MSFT0001:01 04F3:31B8 Touchpad (/dev/input/event11)
[  2077.537] (**) MSFT0001:01 04F3:31B8 Touchpad: Applying InputClass "libinput touchpad catchall"
[  2077.537] (II) Using input driver 'libinput' for 'MSFT0001:01 04F3:31B8 Touchpad'
[  2077.537] (II) systemd-logind: got fd for /dev/input/event11 13:75 fd 33 paused 0
[  2077.537] (**) MSFT0001:01 04F3:31B8 Touchpad: always reports core events
[  2077.537] (**) Option "Device" "/dev/input/event11"
[  2077.538] (II) event11 - MSFT0001:01 04F3:31B8 Touchpad: is tagged by udev as: Touchpad
[  2077.539] (II) event11 - MSFT0001:01 04F3:31B8 Touchpad: device is a touchpad
[  2077.539] (II) event11 - MSFT0001:01 04F3:31B8 Touchpad: device removed
[  2077.539] (II) libinput: MSFT0001:01 04F3:31B8 Touchpad: Step value 0 was provided, libinput Fallback acceleration function is used.
[  2077.539] (II) libinput: MSFT0001:01 04F3:31B8 Touchpad: Step value 0 was provided, libinput Fallback acceleration function is used.
[  2077.539] (II) libinput: MSFT0001:01 04F3:31B8 Touchpad: Step value 0 was provided, libinput Fallback acceleration function is used.
[  2077.539] (**) Option "config_info" "udev:/sys/devices/pci0000:00/0000:00:15.1/i2c_designware.1/i2c-12/i2c-MSFT0001:01/0018:04F3:31B8.0004/input/input16/event11"
[  2077.539] (II) XINPUT: Adding extended input device "MSFT0001:01 04F3:31B8 Touchpad" (type: TOUCHPAD, id 14)
[  2077.540] (**) Option "AccelerationScheme" "none"
[  2077.540] (**) MSFT0001:01 04F3:31B8 Touchpad: (accel) selected scheme none/0
[  2077.540] (**) MSFT0001:01 04F3:31B8 Touchpad: (accel) acceleration factor: 2.000
[  2077.540] (**) MSFT0001:01 04F3:31B8 Touchpad: (accel) acceleration threshold: 4
[  2077.540] (II) event11 - MSFT0001:01 04F3:31B8 Touchpad: is tagged by udev as: Touchpad
[  2077.541] (II) event11 - MSFT0001:01 04F3:31B8 Touchpad: device is a touchpad
[  2077.541] (II) config/udev: Adding input device MSFT0001:01 04F3:31B8 Touchpad (/dev/input/mouse2)
[  2077.541] (II) No input driver specified, ignoring this device.
[  2077.541] (II) This device may have been added with another device file.
[  2077.542] (II) config/udev: Adding input device Ideapad extra buttons (/dev/input/event9)
[  2077.542] (**) Ideapad extra buttons: Applying InputClass "libinput keyboard catchall"
[  2077.542] (II) Using input driver 'libinput' for 'Ideapad extra buttons'
[  2077.542] (II) systemd-logind: got fd for /dev/input/event9 13:73 fd 34 paused 0
[  2077.542] (**) Ideapad extra buttons: always reports core events
[  2077.542] (**) Option "Device" "/dev/input/event9"
[  2077.542] (II) event9  - Ideapad extra buttons: is tagged by udev as: Keyboard
[  2077.542] (II) event9  - Ideapad extra buttons: device is a keyboard
[  2077.542] (II) event9  - Ideapad extra buttons: device removed
[  2077.542] (**) Option "config_info" "udev:/sys/devices/pci0000:00/0000:00:1f.0/PNP0C09:00/VPC2004:00/input/input9/event9"
[  2077.542] (II) XINPUT: Adding extended input device "Ideapad extra buttons" (type: KEYBOARD, id 15)
[  2077.543] (II) event9  - Ideapad extra buttons: is tagged by udev as: Keyboard
[  2077.543] (II) event9  - Ideapad extra buttons: device is a keyboard
[  2077.543] (II) config/udev: Adding input device sof-hda-dsp Mic (/dev/input/event13)
[  2077.543] (II) No input driver specified, ignoring this device.
[  2077.543] (II) This device may have been added with another device file.
[  2077.543] (II) config/udev: Adding input device sof-hda-dsp Headphone (/dev/input/event14)
[  2077.543] (II) No input driver specified, ignoring this device.
[  2077.543] (II) This device may have been added with another device file.
[  2077.543] (II) config/udev: Adding input device sof-hda-dsp HDMI/DP,pcm=3 (/dev/input/event15)
[  2077.543] (II) No input driver specified, ignoring this device.
[  2077.543] (II) This device may have been added with another device file.
[  2077.544] (II) config/udev: Adding input device sof-hda-dsp HDMI/DP,pcm=4 (/dev/input/event16)
[  2077.544] (II) No input driver specified, ignoring this device.
[  2077.544] (II) This device may have been added with another device file.
[  2077.544] (II) config/udev: Adding input device sof-hda-dsp HDMI/DP,pcm=5 (/dev/input/event17)
[  2077.544] (II) No input driver specified, ignoring this device.
[  2077.544] (II) This device may have been added with another device file.
[  2077.544] (II) config/udev: Adding input device AT Translated Set 2 keyboard (/dev/input/event3)
[  2077.544] (**) AT Translated Set 2 keyboard: Applying InputClass "libinput keyboard catchall"
[  2077.544] (II) Using input driver 'libinput' for 'AT Translated Set 2 keyboard'
[  2077.544] (II) systemd-logind: got fd for /dev/input/event3 13:67 fd 35 paused 0
[  2077.544] (**) AT Translated Set 2 keyboard: always reports core events
[  2077.544] (**) Option "Device" "/dev/input/event3"
[  2077.545] (II) event3  - AT Translated Set 2 keyboard: is tagged by udev as: Keyboard
[  2077.545] (II) event3  - AT Translated Set 2 keyboard: device is a keyboard
[  2077.545] (II) event3  - AT Translated Set 2 keyboard: device removed
[  2077.545] (**) Option "config_info" "udev:/sys/devices/platform/i8042/serio0/input/input3/event3"
[  2077.545] (II) XINPUT: Adding extended input device "AT Translated Set 2 keyboard" (type: KEYBOARD, id 16)
[  2077.545] (II) event3  - AT Translated Set 2 keyboard: is tagged by udev as: Keyboard
[  2077.546] (II) event3  - AT Translated Set 2 keyboard: device is a keyboard
[  2077.546] (II) config/udev: Adding input device PC Speaker (/dev/input/event12)
[  2077.546] (II) No input driver specified, ignoring this device.
[  2077.546] (II) This device may have been added with another device file.
[  2077.582] (**) SINO WEALTH Gaming KB  Consumer Control: Applying InputClass "libinput keyboard catchall"
[  2077.582] (II) Using input driver 'libinput' for 'SINO WEALTH Gaming KB  Consumer Control'
[  2077.582] (II) systemd-logind: returning pre-existing fd for /dev/input/event6 13:70
[  2077.582] (**) SINO WEALTH Gaming KB  Consumer Control: always reports core events
[  2077.582] (**) Option "Device" "/dev/input/event6"
[  2077.582] (II) libinput: SINO WEALTH Gaming KB  Consumer Control: is a virtual subdevice
[  2077.582] (**) Option "config_info" "udev:/sys/devices/pci0000:00/0000:00:14.0/usb3/3-4/3-4:1.1/0003:258A:003A.0003/input/input6/event6"
[  2077.582] (II) XINPUT: Adding extended input device "SINO WEALTH Gaming KB  Consumer Control" (type: KEYBOARD, id 17)
[  2079.389] (II) intel(0): EDID vendor "AUO", prod id 62352
[  2079.389] (II) intel(0): Printing DDC gathered Modelines:
[  2079.389] (II) intel(0): Modeline "1366x768"x0.0   76.30  1366 1404 1426 1592  768 771 777 798 -hsync -vsync (47.9 kHz eP)
